2020-03-24 19:01:43.725859-/
2020-03-24 19:01:59.344555-/updates
2020-03-24 19:03:42.887318-/insert
2020-03-24 19:10:03.386723-/updates
2020-03-24 19:10:15.990979-/justweather
2020-03-24 19:11:09.992857-/callClient
2020-03-24 19:10:30.592777-/callClient
2020-03-24 19:43:03.455848-/graphQL
2020-03-24 19:47:43.336684-/graphQL
2020-03-24 19:49:30.658433-/graphQL
2020-03-24 19:54:31.918507-/graphQL
2020-03-24 19:54:37.678560-/graphQL
2020-03-24 19:54:52.461491-/graphQL
2020-03-24 19:55:12.197635-/graphQL
2020-03-24 20:04:12.894738-/graphQL
2020-03-24 20:11:07.613608-/graphQL
2020-03-24 20:12:34.332369-/updates
2020-03-24 20:12:38.302607-/justweather
2020-03-24 20:12:57.044993-/callClient
2020-03-24 20:23:31.307730-/callClient
2020-03-24 20:24:07.112749-/callClient
2020-03-25 00:39:36.018674-/
2020-03-25 00:39:40.281956-/updates
2020-03-25 01:24:35.308701-/callClient
2020-03-25 01:25:19.752824-/updates
2020-03-25 01:25:26.992540-/justweather
2020-03-25 01:26:00.436116-/insert
2020-03-25 01:26:25.859010-/ping
2020-03-25 01:28:03.133313-/insert
2020-03-25 01:28:21.496196-/insert
2020-03-26 13:42:31.588456-/
